$nWebServers, $nDb, $nSearch, $uSess, $uBiz, $uSearch, $uDb
10, 1, 1, 0.551698, 0.166159, 1.79321e-005, 0.206219
20, 1, 1, 0.551698, 0.166159, 1.79321e-005, 0.206219
10, 1, 1, 1.19561, 0.318047, 3.21755e-005, 0.370018
20, 1, 1, 1.19561, 0.318047, 3.21755e-005, 0.370018
10, 1, 1, 1.92696, 0.446452, 4.29218e-005, 0.4936
20, 1, 1, 1.92696, 0.446452, 4.29218e-005, 0.4936
10, 1, 1, 2.73271, 0.548067, 5.06918e-005, 0.582956
20, 1, 1, 2.73271, 0.548067, 5.06918e-005, 0.582956
10, 1, 1, 3.59465, 0.624893, 5.6214e-005, 0.646461
20, 1, 1, 3.59465, 0.624893, 5.6214e-005, 0.646461
10, 1, 1, 4.4948, 0.681953, 6.02081e-005, 0.692393
20, 1, 1, 4.4948, 0.681953, 6.02081e-005, 0.692393
10, 1, 1, 5.41968, 0.724663, 6.32128e-005, 0.726947
20, 1, 1, 5.41968, 0.724663, 6.32128e-005, 0.726947
10, 1, 1, 6.36086, 0.757377, 6.55655e-005, 0.754003
20, 1, 1, 6.36086, 0.757377, 6.55655e-005, 0.754003
10, 1, 1, 7.31342, 0.78309, 6.74634e-005, 0.775829
20, 1, 1, 7.31342, 0.78309, 6.74634e-005, 0.775829
10, 1, 1, 8.27426, 0.803816, 6.90296e-005, 0.79384
20, 1, 1, 8.27426, 0.803816, 6.90296e-005, 0.79384
10, 1, 1, 8.14476, 0.800913, 6.87988e-005, 0.791186
20, 1, 1, 9.2414, 0.820882, 7.03441e-005, 0.808957
10, 1, 1, 8.48361, 0.808318, 6.9388e-005, 0.797962
20, 1, 1, 10.2134, 0.835186, 7.14626e-005, 0.82182
10, 1, 1, 8.76171, 0.813956, 6.98378e-005, 0.803134
20, 1, 1, 11.1894, 0.847354, 7.24253e-005, 0.832891
10, 1, 1, 8.97522, 0.818039, 7.01642e-005, 0.806888
20, 1, 1, 12.1684, 0.857837, 7.32622e-005, 0.842516
10, 1, 1, 9.1416, 0.821084, 7.04079e-005, 0.809691
20, 1, 1, 13.1501, 0.866963, 7.39962e-005, 0.850957
10, 1, 1, 9.27264, 0.823401, 7.05936e-005, 0.811826
20, 1, 1, 14.1339, 0.874982, 7.46449e-005, 0.858417
10, 1, 1, 9.37715, 0.825201, 7.07379e-005, 0.813486
20, 1, 1, 15.1194, 0.882086, 7.52223e-005, 0.865056
10, 1, 1, 9.46148, 0.826622, 7.0852e-005, 0.814798
20, 1, 1, 16.1065, 0.888424, 7.57393e-005, 0.871002
10, 1, 1, 9.53, 0.827758, 7.09431e-005, 0.815846
20, 1, 1, 17.0949, 0.894112, 7.6205e-005, 0.876357
10, 1, 1, 9.58683, 0.828687, 7.10177e-005, 0.816704
20, 1, 1, 18.0842, 0.899316, 7.66321e-005, 0.881269
10, 1, 1, 9.63418, 0.829452, 7.10792e-005, 0.817411
20, 1, 1, 17.2976, 0.895035, 7.6276e-005, 0.877174
10, 1, 1, 9.67399, 0.830089, 7.11304e-005, 0.818
20, 1, 1, 17.627, 0.896874, 7.6429e-005, 0.878933
10, 1, 1, 9.70774, 0.830625, 7.11735e-005, 0.818495
20, 1, 1, 17.9363, 0.89854, 7.65675e-005, 0.880526
10, 1, 1, 9.73658, 0.831079, 7.121e-005, 0.818916
20, 1, 1, 18.1929, 0.899879, 7.66789e-005, 0.881807
10, 1, 1, 9.7614, 0.831469, 7.12413e-005, 0.819275
20, 1, 1, 18.4069, 0.900967, 7.67695e-005, 0.882849
10, 1, 1, 9.78267, 0.8318, 7.1268e-005, 0.819582
20, 1, 1, 18.5855, 0.901856, 7.68435e-005, 0.8837
10, 1, 1, 9.80146, 0.832092, 7.12915e-005, 0.819852
20, 1, 1, 18.7376, 0.902601, 7.69055e-005, 0.884413
10, 1, 1, 9.81793, 0.832347, 7.1312e-005, 0.820088
20, 1, 1, 18.8672, 0.903225, 7.69575e-005, 0.885011
10, 1, 1, 9.83245, 0.832571, 7.133e-005, 0.820295
20, 1, 1, 18.9784, 0.903754, 7.70015e-005, 0.885518
10, 1, 1, 9.84531, 0.832769, 7.13459e-005, 0.820478
20, 1, 1, 19.0742, 0.904205, 7.70391e-005, 0.88595
10, 1, 1, 9.85675, 0.832944, 7.136e-005, 0.82064
20, 1, 1, 19.1575, 0.904594, 7.70714e-005, 0.886322
10, 1, 1, 9.86697, 0.8331, 7.13726e-005, 0.820785
20, 1, 1, 19.2301, 0.90493, 7.70994e-005, 0.886644
10, 1, 1, 9.87614, 0.83324, 7.13839e-005, 0.820915
20, 1, 1, 19.2938, 0.905223, 7.71238e-005, 0.886924
10, 1, 1, 9.8844, 0.833366, 7.1394e-005, 0.821031
20, 1, 1, 19.35, 0.905479, 7.71452e-005, 0.88717
10, 1, 1, 9.89186, 0.83348, 7.14031e-005, 0.821136
20, 1, 1, 19.3987, 0.9057, 7.71636e-005, 0.887382
10, 1, 1, 9.89863, 0.833582, 7.14114e-005, 0.821231
20, 1, 1, 19.4431, 0.905901, 7.71804e-005, 0.887574
10, 1, 1, 9.90477, 0.833676, 7.14189e-005, 0.821317
20, 1, 1, 19.4829, 0.90608, 7.71953e-005, 0.887746
10, 1, 1, 9.91038, 0.833761, 7.14257e-005, 0.821396
20, 1, 1, 19.5185, 0.90624, 7.72086e-005, 0.887899
10, 1, 1, 9.91551, 0.833838, 7.1432e-005, 0.821468
20, 1, 1, 19.5506, 0.906383, 7.72205e-005, 0.888036
10, 1, 1, 9.92021, 0.833909, 7.14377e-005, 0.821534
20, 1, 1, 19.5795, 0.906512, 7.72313e-005, 0.88816
10, 1, 1, 9.9244, 0.833973, 7.14428e-005, 0.821592
20, 1, 1, 19.6058, 0.906629, 7.7241e-005, 0.888272
10, 1, 1, 9.92839, 0.834033, 7.14476e-005, 0.821648
20, 1, 1, 19.6297, 0.906735, 7.72498e-005, 0.888373
10, 1, 1, 9.93208, 0.834088, 7.14521e-005, 0.821699
20, 1, 1, 19.6514, 0.906831, 7.72578e-005, 0.888465
10, 1, 1, 9.93496, 0.834132, 7.14556e-005, 0.821739
20, 1, 1, 19.6714, 0.906919, 7.72652e-005, 0.888549
10, 1, 1, 9.93815, 0.83418, 7.14595e-005, 0.821784
20, 1, 1, 19.6896, 0.906999, 7.72719e-005, 0.888626
10, 1, 1, 9.94112, 0.834225, 7.14631e-005, 0.821825
20, 1, 1, 19.7064, 0.907073, 7.7278e-005, 0.888697
10, 1, 1, 9.94388, 0.834266, 7.14664e-005, 0.821864
20, 1, 1, 19.7218, 0.907141, 7.72837e-005, 0.888762
10, 1, 1, 9.94645, 0.834305, 7.14695e-005, 0.8219
20, 1, 1, 19.7361, 0.907203, 7.72889e-005, 0.888822
10, 1, 1, 9.94885, 0.834341, 7.14724e-005, 0.821933
20, 1, 1, 19.7492, 0.907261, 7.72937e-005, 0.888877
10, 1, 1, 9.95109, 0.834374, 7.14751e-005, 0.821964
20, 1, 1, 19.7607, 0.907311, 7.72979e-005, 0.888925
10, 1, 1, 9.95318, 0.834406, 7.14777e-005, 0.821993
20, 1, 1, 19.7721, 0.907361, 7.7302e-005, 0.888973
10, 1, 1, 9.95515, 0.834435, 7.148e-005, 0.82202
20, 1, 1, 19.7827, 0.907407, 7.73059e-005, 0.889017
10, 1, 1, 9.95699, 0.834463, 7.14823e-005, 0.822046
20, 1, 1, 19.7926, 0.90745, 7.73094e-005, 0.889059
10, 1, 1, 9.95872, 0.834489, 7.14843e-005, 0.82207
20, 1, 1, 19.8001, 0.907483, 7.73121e-005, 0.88909
10, 1, 1, 9.96035, 0.834513, 7.14863e-005, 0.822093
20, 1, 1, 19.8088, 0.907521, 7.73153e-005, 0.889126
10, 1, 1, 9.96189, 0.834536, 7.14882e-005, 0.822114
20, 1, 1, 19.8169, 0.907556, 7.73183e-005, 0.88916
10, 1, 1, 9.96334, 0.834558, 7.14899e-005, 0.822134
20, 1, 1, 19.8246, 0.907589, 7.7321e-005, 0.889192
10, 1, 1, 9.9647, 0.834578, 7.14916e-005, 0.822153
20, 1, 1, 19.8317, 0.907621, 7.73236e-005, 0.889222
10, 1, 1, 9.96599, 0.834598, 7.14931e-005, 0.822171
20, 1, 1, 19.8385, 0.90765, 7.73261e-005, 0.88925
10, 1, 1, 9.96722, 0.834616, 7.14946e-005, 0.822188
20, 1, 1, 19.8448, 0.907677, 7.73284e-005, 0.889276
10, 1, 1, 9.96837, 0.834633, 7.1496e-005, 0.822204
20, 1, 1, 19.8508, 0.907703, 7.73305e-005, 0.889301
10, 1, 1, 9.96947, 0.83465, 7.14973e-005, 0.822219
20, 1, 1, 19.8564, 0.907728, 7.73325e-005, 0.889324
10, 1, 1, 9.97051, 0.834665, 7.14986e-005, 0.822233
20, 1, 1, 19.8618, 0.907751, 7.73345e-005, 0.889346
10, 1, 1, 9.9715, 0.83468, 7.14997e-005, 0.822247
20, 1, 1, 19.8668, 0.907772, 7.73363e-005, 0.889367
10, 1, 1, 9.97244, 0.834694, 7.15009e-005, 0.82226
20, 1, 1, 19.8716, 0.907793, 7.7338e-005, 0.889387
10, 1, 1, 9.97333, 0.834707, 7.15019e-005, 0.822272
20, 1, 1, 19.8761, 0.907812, 7.73396e-005, 0.889406
10, 1, 1, 9.97418, 0.83472, 7.1503e-005, 0.822284
20, 1, 1, 19.8804, 0.907831, 7.73412e-005, 0.889423
10, 1, 1, 9.975, 0.834732, 7.15039e-005, 0.822295
20, 1, 1, 19.8844, 0.907848, 7.73426e-005, 0.88944
10, 1, 1, 9.97577, 0.834744, 7.15049e-005, 0.822306
20, 1, 1, 19.8883, 0.907865, 7.7344e-005, 0.889456
10, 1, 1, 9.97651, 0.834755, 7.15058e-005, 0.822316
20, 1, 1, 19.8919, 0.907881, 7.73453e-005, 0.889471
10, 1, 1, 9.97721, 0.834765, 7.15066e-005, 0.822326
20, 1, 1, 19.8954, 0.907896, 7.73466e-005, 0.889486
10, 1, 1, 9.97789, 0.834775, 7.15074e-005, 0.822335
20, 1, 1, 19.8988, 0.90791, 7.73478e-005, 0.889499
10, 1, 1, 9.97853, 0.834785, 7.15082e-005, 0.822344
20, 1, 1, 19.9019, 0.907924, 7.73489e-005, 0.889512
10, 1, 1, 9.97915, 0.834794, 7.15089e-005, 0.822353
20, 1, 1, 19.9049, 0.907937, 7.735e-005, 0.889525
10, 1, 1, 9.97974, 0.834803, 7.15096e-005, 0.822361
20, 1, 1, 19.9078, 0.907949, 7.7351e-005, 0.889537
10, 1, 1, 9.9803, 0.834811, 7.15103e-005, 0.822369
20, 1, 1, 19.9106, 0.907961, 7.7352e-005, 0.889548
10, 1, 1, 9.98084, 0.834819, 7.1511e-005, 0.822376
20, 1, 1, 19.9132, 0.907973, 7.7353e-005, 0.889559
10, 1, 1, 9.98136, 0.834827, 7.15116e-005, 0.822383
20, 1, 1, 19.9157, 0.907983, 7.73539e-005, 0.889569
10, 1, 1, 9.98186, 0.834835, 7.15122e-005, 0.82239
20, 1, 1, 19.9181, 0.907994, 7.73547e-005, 0.889579
10, 1, 1, 9.98234, 0.834842, 7.15128e-005, 0.822397
20, 1, 1, 19.9204, 0.908004, 7.73556e-005, 0.889589
10, 1, 1, 9.9828, 0.834849, 7.15133e-005, 0.822403
20, 1, 1, 19.9226, 0.908013, 7.73563e-005, 0.889598
10, 1, 1, 9.98325, 0.834855, 7.15139e-005, 0.822409
20, 1, 1, 19.9248, 0.908022, 7.73571e-005, 0.889607
10, 1, 1, 9.98367, 0.834862, 7.15144e-005, 0.822415
20, 1, 1, 19.9268, 0.908031, 7.73578e-005, 0.889615
10, 1, 1, 9.98408, 0.834868, 7.15149e-005, 0.822421
20, 1, 1, 19.9287, 0.908039, 7.73585e-005, 0.889623
10, 1, 1, 9.98448, 0.834874, 7.15153e-005, 0.822426
20, 1, 1, 19.9306, 0.908047, 7.73592e-005, 0.889631
10, 1, 1, 9.98486, 0.834879, 7.15158e-005, 0.822432
20, 1, 1, 19.9324, 0.908055, 7.73598e-005, 0.889638
10, 1, 1, 9.98522, 0.834885, 7.15162e-005, 0.822437
20, 1, 1, 19.9341, 0.908063, 7.73605e-005, 0.889645
10, 1, 1, 9.98558, 0.83489, 7.15167e-005, 0.822442
20, 1, 1, 19.9358, 0.90807, 7.73611e-005, 0.889652
10, 1, 1, 9.98592, 0.834895, 7.15171e-005, 0.822446
20, 1, 1, 19.9374, 0.908077, 7.73616e-005, 0.889659
10, 1, 1, 9.98625, 0.8349, 7.15175e-005, 0.822451
20, 1, 1, 19.939, 0.908083, 7.73622e-005, 0.889665
10, 1, 1, 9.98656, 0.834905, 7.15178e-005, 0.822455
20, 1, 1, 19.9404, 0.90809, 7.73627e-005, 0.889671
10, 1, 1, 9.98687, 0.834909, 7.15182e-005, 0.822459
20, 1, 1, 19.9419, 0.908096, 7.73632e-005, 0.889677
10, 1, 1, 9.98717, 0.834914, 7.15186e-005, 0.822463
20, 1, 1, 19.9433, 0.908102, 7.73637e-005, 0.889683
10, 1, 1, 9.98745, 0.834918, 7.15189e-005, 0.822467
20, 1, 1, 19.9446, 0.908107, 7.73642e-005, 0.889688
10, 1, 1, 9.98773, 0.834922, 7.15192e-005, 0.822471
20, 1, 1, 19.9459, 0.908113, 7.73647e-005, 0.889694
10, 1, 1, 9.988, 0.834926, 7.15196e-005, 0.822475
20, 1, 1, 19.9471, 0.908118, 7.73651e-005, 0.889699
10, 1, 1, 9.98826, 0.83493, 7.15199e-005, 0.822478
20, 1, 1, 19.9483, 0.908123, 7.73655e-005, 0.889704
10, 1, 1, 9.98851, 0.834934, 7.15202e-005, 0.822482
20, 1, 1, 19.9495, 0.908128, 7.7366e-005, 0.889708
10, 1, 1, 9.98875, 0.834937, 7.15205e-005, 0.822485
20, 1, 1, 19.9506, 0.908133, 7.73664e-005, 0.889713
10, 1, 1, 9.98898, 0.834941, 7.15207e-005, 0.822489
20, 1, 1, 19.9517, 0.908138, 7.73667e-005, 0.889718
10, 1, 1, 9.98921, 0.834944, 7.1521e-005, 0.822492
20, 1, 1, 19.9527, 0.908142, 7.73671e-005, 0.889722
10, 1, 1, 9.98943, 0.834947, 7.15213e-005, 0.822495
20, 1, 1, 19.9538, 0.908147, 7.73675e-005, 0.889726
10, 1, 1, 9.98965, 0.834951, 7.15215e-005, 0.822498
20, 1, 1, 19.9547, 0.908151, 7.73678e-005, 0.88973
10, 1, 1, 9.98985, 0.834954, 7.15218e-005, 0.822501
20, 1, 1, 19.9557, 0.908155, 7.73682e-005, 0.889734
10, 1, 1, 9.99006, 0.834957, 7.1522e-005, 0.822503
20, 1, 1, 19.9566, 0.908159, 7.73685e-005, 0.889738
10, 1, 1, 9.99025, 0.83496, 7.15223e-005, 0.822506
20, 1, 1, 19.9575, 0.908163, 7.73688e-005, 0.889741
10, 1, 1, 9.99044, 0.834962, 7.15225e-005, 0.822509
20, 1, 1, 19.9584, 0.908167, 7.73691e-005, 0.889745
10, 1, 1, 9.99063, 0.834965, 7.15227e-005, 0.822511
20, 1, 1, 19.9592, 0.90817, 7.73694e-005, 0.889748
10, 1, 1, 9.99081, 0.834968, 7.15229e-005, 0.822514
20, 1, 1, 19.96, 0.908174, 7.73697e-005, 0.889752
10, 1, 1, 9.99098, 0.83497, 7.15231e-005, 0.822516
20, 1, 1, 19.9608, 0.908177, 7.737e-005, 0.889755
10, 1, 1, 9.99115, 0.834973, 7.15233e-005, 0.822518
20, 1, 1, 19.9616, 0.90818, 7.73703e-005, 0.889758
10, 1, 1, 9.99131, 0.834975, 7.15235e-005, 0.822521
20, 1, 1, 19.9623, 0.908183, 7.73705e-005, 0.889761
10, 1, 1, 9.99147, 0.834978, 7.15237e-005, 0.822523
20, 1, 1, 19.963, 0.908187, 7.73708e-005, 0.889764
10, 1, 1, 9.99163, 0.83498, 7.15239e-005, 0.822525
20, 1, 1, 19.9638, 0.90819, 7.7371e-005, 0.889767
10, 1, 1, 9.99178, 0.834982, 7.15241e-005, 0.822527
20, 1, 1, 19.9644, 0.908193, 7.73713e-005, 0.88977
10, 1, 1, 9.99193, 0.834985, 7.15243e-005, 0.822529
20, 1, 1, 19.9651, 0.908195, 7.73715e-005, 0.889773
10, 1, 1, 9.99207, 0.834987, 7.15244e-005, 0.822531
20, 1, 1, 19.9657, 0.908198, 7.73718e-005, 0.889775
10, 1, 1, 9.99221, 0.834989, 7.15246e-005, 0.822533
20, 1, 1, 19.9664, 0.908201, 7.7372e-005, 0.889778
10, 1, 1, 9.99234, 0.834991, 7.15248e-005, 0.822535
20, 1, 1, 19.967, 0.908203, 7.73722e-005, 0.88978
10, 1, 1, 9.99248, 0.834993, 7.15249e-005, 0.822537
20, 1, 1, 19.9676, 0.908206, 7.73724e-005, 0.889783
10, 1, 1, 9.99261, 0.834995, 7.15251e-005, 0.822538
20, 1, 1, 19.9682, 0.908208, 7.73726e-005, 0.889785
10, 1, 1, 9.99273, 0.834996, 7.15252e-005, 0.82254
20, 1, 1, 19.9687, 0.908211, 7.73728e-005, 0.889787
10, 1, 1, 9.99285, 0.834998, 7.15254e-005, 0.822542
20, 1, 1, 19.9693, 0.908213, 7.7373e-005, 0.88979
10, 1, 1, 9.99297, 0.835, 7.15255e-005, 0.822543
20, 1, 1, 19.9698, 0.908215, 7.73732e-005, 0.889792
10, 1, 1, 9.99309, 0.835002, 7.15257e-005, 0.822545
20, 1, 1, 19.9703, 0.908218, 7.73734e-005, 0.889794
10, 1, 1, 9.9932, 0.835004, 7.15258e-005, 0.822547
20, 1, 1, 19.9708, 0.90822, 7.73736e-005, 0.889796
10, 1, 1, 9.99331, 0.835005, 7.15259e-005, 0.822548
20, 1, 1, 19.9713, 0.908222, 7.73737e-005, 0.889798
10, 1, 1, 9.99342, 0.835007, 7.15261e-005, 0.82255
20, 1, 1, 19.9718, 0.908224, 7.73739e-005, 0.8898
10, 1, 1, 9.99353, 0.835008, 7.15262e-005, 0.822551
20, 1, 1, 19.9723, 0.908226, 7.73741e-005, 0.889802
10, 1, 1, 9.99363, 0.83501, 7.15263e-005, 0.822553
20, 1, 1, 19.9727, 0.908228, 7.73742e-005, 0.889804
10, 1, 1, 9.99373, 0.835011, 7.15264e-005, 0.822554
20, 1, 1, 19.9732, 0.90823, 7.73744e-005, 0.889806
10, 1, 1, 9.99383, 0.835013, 7.15265e-005, 0.822555
20, 1, 1, 19.9736, 0.908232, 7.73746e-005, 0.889807
10, 1, 1, 9.99393, 0.835014, 7.15267e-005, 0.822557
20, 1, 1, 19.974, 0.908234, 7.73747e-005, 0.889809
10, 1, 1, 9.99402, 0.835016, 7.15268e-005, 0.822558
20, 1, 1, 19.9744, 0.908235, 7.73749e-005, 0.889811
10, 1, 1, 9.99411, 0.835017, 7.15269e-005, 0.822559
20, 1, 1, 19.9748, 0.908237, 7.7375e-005, 0.889813
10, 1, 1, 9.9942, 0.835018, 7.1527e-005, 0.82256
20, 1, 1, 19.9752, 0.908239, 7.73751e-005, 0.889814
10, 1, 1, 9.99429, 0.83502, 7.15271e-005, 0.822562
20, 1, 1, 19.9756, 0.90824, 7.73753e-005, 0.889816
10, 1, 1, 9.99437, 0.835021, 7.15272e-005, 0.822563
20, 1, 1, 19.976, 0.908242, 7.73754e-005, 0.889817
10, 1, 1, 9.99446, 0.835022, 7.15273e-005, 0.822564
20, 1, 1, 19.9764, 0.908244, 7.73756e-005, 0.889819
10, 1, 1, 9.99454, 0.835023, 7.15274e-005, 0.822565
20, 1, 1, 19.9767, 0.908245, 7.73757e-005, 0.88982
10, 1, 1, 9.99462, 0.835025, 7.15275e-005, 0.822566
20, 1, 1, 19.9771, 0.908247, 7.73758e-005, 0.889822
10, 1, 1, 9.9947, 0.835026, 7.15276e-005, 0.822567
20, 1, 1, 19.9774, 0.908248, 7.73759e-005, 0.889823
10, 1, 1, 9.99477, 0.835027, 7.15277e-005, 0.822568
20, 1, 1, 19.9778, 0.90825, 7.7376e-005, 0.889825
10, 1, 1, 9.99485, 0.835028, 7.15278e-005, 0.822569
20, 1, 1, 19.9781, 0.908251, 7.73762e-005, 0.889826
10, 1, 1, 9.99492, 0.835029, 7.15279e-005, 0.82257
20, 1, 1, 19.9784, 0.908252, 7.73763e-005, 0.889827
10, 1, 1, 9.99499, 0.83503, 7.15279e-005, 0.822571
20, 1, 1, 19.9787, 0.908254, 7.73764e-005, 0.889828
10, 1, 1, 9.99506, 0.835031, 7.1528e-005, 0.822572
20, 1, 1, 19.979, 0.908255, 7.73765e-005, 0.88983
10, 1, 1, 9.99513, 0.835032, 7.15281e-005, 0.822573
20, 1, 1, 19.9793, 0.908256, 7.73766e-005, 0.889831
10, 1, 1, 9.9952, 0.835033, 7.15282e-005, 0.822574
20, 1, 1, 19.9796, 0.908258, 7.73767e-005, 0.889832
10, 1, 1, 9.99526, 0.835034, 7.15283e-005, 0.822575
20, 1, 1, 19.9799, 0.908259, 7.73768e-005, 0.889833
10, 1, 1, 9.99533, 0.835035, 7.15283e-005, 0.822576
20, 1, 1, 19.9802, 0.90826, 7.73769e-005, 0.889835
10, 1, 1, 9.99539, 0.835036, 7.15284e-005, 0.822577
20, 1, 1, 19.9805, 0.908261, 7.7377e-005, 0.889836
10, 1, 1, 9.99545, 0.835037, 7.15285e-005, 0.822578
20, 1, 1, 19.9807, 0.908262, 7.73771e-005, 0.889837
10, 1, 1, 9.99551, 0.835038, 7.15286e-005, 0.822578
20, 1, 1, 19.981, 0.908263, 7.73772e-005, 0.889838
10, 1, 1, 9.99557, 0.835039, 7.15286e-005, 0.822579
20, 1, 1, 19.9813, 0.908265, 7.73773e-005, 0.889839
10, 1, 1, 9.99563, 0.83504, 7.15287e-005, 0.82258
20, 1, 1, 19.9815, 0.908266, 7.73774e-005, 0.88984
10, 1, 1, 9.99569, 0.83504, 7.15288e-005, 0.822581
20, 1, 1, 19.9818, 0.908267, 7.73775e-005, 0.889841
10, 1, 1, 9.99575, 0.835041, 7.15288e-005, 0.822582
20, 1, 1, 19.982, 0.908268, 7.73776e-005, 0.889842
10, 1, 1, 9.9958, 0.835042, 7.15289e-005, 0.822582
20, 1, 1, 19.9823, 0.908269, 7.73776e-005, 0.889843
10, 1, 1, 9.99585, 0.835043, 7.1529e-005, 0.822583
20, 1, 1, 19.9825, 0.90827, 7.73777e-005, 0.889844
10, 1, 1, 9.99591, 0.835044, 7.1529e-005, 0.822584
20, 1, 1, 19.9827, 0.908271, 7.73778e-005, 0.889845
10, 1, 1, 9.99596, 0.835044, 7.15291e-005, 0.822585
20, 1, 1, 19.9829, 0.908272, 7.73779e-005, 0.889846
10, 1, 1, 9.99601, 0.835045, 7.15292e-005, 0.822585
20, 1, 1, 19.9832, 0.908273, 7.7378e-005, 0.889847
10, 1, 1, 9.99606, 0.835046, 7.15292e-005, 0.822586
20, 1, 1, 19.9834, 0.908274, 7.7378e-005, 0.889848
10, 1, 1, 9.99611, 0.835047, 7.15293e-005, 0.822587
20, 1, 1, 19.9836, 0.908275, 7.73781e-005, 0.889848
10, 1, 1, 9.99616, 0.835047, 7.15293e-005, 0.822587
20, 1, 1, 19.9838, 0.908275, 7.73782e-005, 0.889849
10, 1, 1, 9.9962, 0.835048, 7.15294e-005, 0.822588
20, 1, 1, 19.984, 0.908276, 7.73783e-005, 0.88985
10, 1, 1, 9.99625, 0.835049, 7.15294e-005, 0.822589
20, 1, 1, 19.9842, 0.908277, 7.73783e-005, 0.889851
10, 1, 1, 9.9963, 0.83505, 7.15295e-005, 0.822589
20, 1, 1, 19.9844, 0.908278, 7.73784e-005, 0.889852
10, 1, 1, 9.99634, 0.83505, 7.15296e-005, 0.82259
20, 1, 1, 19.9846, 0.908279, 7.73785e-005, 0.889853
10, 1, 1, 9.99639, 0.835051, 7.15296e-005, 0.82259
20, 1, 1, 19.9848, 0.90828, 7.73786e-005, 0.889853
10, 1, 1, 9.99643, 0.835051, 7.15297e-005, 0.822591
20, 1, 1, 19.985, 0.90828, 7.73786e-005, 0.889854
10, 1, 1, 9.99647, 0.835052, 7.15297e-005, 0.822592
20, 1, 1, 19.9852, 0.908281, 7.73787e-005, 0.889855
10, 1, 1, 9.99651, 0.835053, 7.15298e-005, 0.822592
20, 1, 1, 19.9853, 0.908282, 7.73787e-005, 0.889856
10, 1, 1, 9.99655, 0.835053, 7.15298e-005, 0.822593
20, 1, 1, 19.9855, 0.908283, 7.73788e-005, 0.889856
10, 1, 1, 9.99659, 0.835054, 7.15299e-005, 0.822593
20, 1, 1, 19.9857, 0.908283, 7.73789e-005, 0.889857
10, 1, 1, 9.99663, 0.835054, 7.15299e-005, 0.822594
20, 1, 1, 19.9859, 0.908284, 7.73789e-005, 0.889858
10, 1, 1, 9.99667, 0.835055, 7.15299e-005, 0.822594
20, 1, 1, 19.986, 0.908285, 7.7379e-005, 0.889858
10, 1, 1, 9.99671, 0.835056, 7.153e-005, 0.822595
20, 1, 1, 19.9862, 0.908286, 7.7379e-005, 0.889859
10, 1, 1, 9.99675, 0.835056, 7.153e-005, 0.822595
20, 1, 1, 19.9864, 0.908286, 7.73791e-005, 0.88986
10, 1, 1, 9.99678, 0.835057, 7.15301e-005, 0.822596
20, 1, 1, 19.9865, 0.908287, 7.73792e-005, 0.88986
10, 1, 1, 9.99682, 0.835057, 7.15301e-005, 0.822596
20, 1, 1, 19.9867, 0.908288, 7.73792e-005, 0.889861
10, 1, 1, 9.99686, 0.835058, 7.15302e-005, 0.822597
20, 1, 1, 19.9868, 0.908288, 7.73793e-005, 0.889862
10, 1, 1, 9.99689, 0.835058, 7.15302e-005, 0.822597
20, 1, 1, 19.987, 0.908289, 7.73793e-005, 0.889862
10, 1, 1, 9.99692, 0.835059, 7.15303e-005, 0.822598
20, 1, 1, 19.9871, 0.90829, 7.73794e-005, 0.889863
10, 1, 1, 9.99696, 0.835059, 7.15303e-005, 0.822598
20, 1, 1, 19.9873, 0.90829, 7.73794e-005, 0.889863
10, 1, 1, 9.99699, 0.83506, 7.15303e-005, 0.822599
20, 1, 1, 19.9874, 0.908291, 7.73795e-005, 0.889864
10, 1, 1, 9.99702, 0.83506, 7.15304e-005, 0.822599
20, 1, 1, 19.9875, 0.908291, 7.73795e-005, 0.889865
10, 1, 1, 9.99706, 0.835061, 7.15304e-005, 0.8226
20, 1, 1, 19.9877, 0.908292, 7.73796e-005, 0.889865
10, 1, 1, 9.99709, 0.835061, 7.15304e-005, 0.8226
20, 1, 1, 19.9878, 0.908293, 7.73796e-005, 0.889866
10, 1, 1, 9.99712, 0.835062, 7.15305e-005, 0.822601
20, 1, 1, 19.988, 0.908293, 7.73797e-005, 0.889866
10, 1, 1, 9.99715, 0.835062, 7.15305e-005, 0.822601
20, 1, 1, 19.9881, 0.908294, 7.73797e-005, 0.889867
10, 1, 1, 9.99718, 0.835063, 7.15306e-005, 0.822601
20, 1, 1, 19.9882, 0.908294, 7.73798e-005, 0.889867
10, 1, 1, 9.99721, 0.835063, 7.15306e-005, 0.822602
20, 1, 1, 19.9883, 0.908295, 7.73798e-005, 0.889868
10, 1, 1, 9.99724, 0.835064, 7.15306e-005, 0.822602
20, 1, 1, 19.9885, 0.908295, 7.73799e-005, 0.889868
10, 1, 1, 9.99727, 0.835064, 7.15307e-005, 0.822603
20, 1, 1, 19.9886, 0.908296, 7.73799e-005, 0.889869
10, 1, 1, 9.9973, 0.835064, 7.15307e-005, 0.822603
20, 1, 1, 19.9887, 0.908296, 7.73799e-005, 0.889869
10, 1, 1, 9.99732, 0.835065, 7.15307e-005, 0.822603
20, 1, 1, 19.9888, 0.908297, 7.738e-005, 0.88987
10, 1, 1, 9.99735, 0.835065, 7.15308e-005, 0.822604
20, 1, 1, 19.9889, 0.908297, 7.738e-005, 0.88987
10, 1, 1, 9.99738, 0.835066, 7.15308e-005, 0.822604
20, 1, 1, 19.9891, 0.908298, 7.73801e-005, 0.889871
10, 1, 1, 9.99741, 0.835066, 7.15308e-005, 0.822605
20, 1, 1, 19.9892, 0.908298, 7.73801e-005, 0.889871
10, 1, 1, 9.99743, 0.835066, 7.15309e-005, 0.822605
20, 1, 1, 19.9893, 0.908299, 7.73802e-005, 0.889872
10, 1, 1, 9.99746, 0.835067, 7.15309e-005, 0.822605
20, 1, 1, 19.9894, 0.908299, 7.73802e-005, 0.889872
10, 1, 1, 9.99748, 0.835067, 7.15309e-005, 0.822606
20, 1, 1, 19.9895, 0.9083, 7.73802e-005, 0.889873
10, 1, 1, 9.99751, 0.835068, 7.15309e-005, 0.822606
20, 1, 1, 19.9896, 0.9083, 7.73803e-005, 0.889873
10, 1, 1, 9.99753, 0.835068, 7.1531e-005, 0.822606
20, 1, 1, 19.9897, 0.908301, 7.73803e-005, 0.889874
10, 1, 1, 9.99756, 0.835068, 7.1531e-005, 0.822607
20, 1, 1, 19.9898, 0.908301, 7.73803e-005, 0.889874
10, 1, 1, 9.99758, 0.835069, 7.1531e-005, 0.822607
20, 1, 1, 19.9899, 0.908302, 7.73804e-005, 0.889874
10, 1, 1, 9.9976, 0.835069, 7.15311e-005, 0.822607
20, 1, 1, 19.99, 0.908302, 7.73804e-005, 0.889875
10, 1, 1, 9.99763, 0.835069, 7.15311e-005, 0.822608
20, 1, 1, 19.9901, 0.908302, 7.73804e-005, 0.889875
10, 1, 1, 9.99765, 0.83507, 7.15311e-005, 0.822608
20, 1, 1, 19.9902, 0.908303, 7.73805e-005, 0.889876
10, 1, 1, 9.99767, 0.83507, 7.15311e-005, 0.822608
20, 1, 1, 19.9903, 0.908303, 7.73805e-005, 0.889876
10, 1, 1, 9.9977, 0.83507, 7.15312e-005, 0.822609
20, 1, 1, 19.9904, 0.908304, 7.73806e-005, 0.889876
10, 1, 1, 9.99772, 0.835071, 7.15312e-005, 0.822609
20, 1, 1, 19.9905, 0.908304, 7.73806e-005, 0.889877
10, 1, 1, 9.99774, 0.835071, 7.15312e-005, 0.822609
20, 1, 1, 19.9906, 0.908304, 7.73806e-005, 0.889877
10, 1, 1, 9.99776, 0.835071, 7.15313e-005, 0.822609
20, 1, 1, 19.9907, 0.908305, 7.73806e-005, 0.889877
10, 1, 1, 9.99778, 0.835072, 7.15313e-005, 0.82261
20, 1, 1, 19.9908, 0.908305, 7.73807e-005, 0.889878
10, 1, 1, 9.9978, 0.835072, 7.15313e-005, 0.82261
20, 1, 1, 19.9909, 0.908306, 7.73807e-005, 0.889878
10, 1, 1, 9.99782, 0.835072, 7.15313e-005, 0.82261
20, 1, 1, 19.991, 0.908306, 7.73807e-005, 0.889879
10, 1, 1, 9.99784, 0.835072, 7.15314e-005, 0.822611
20, 1, 1, 19.991, 0.908306, 7.73808e-005, 0.889879
10, 1, 1, 9.99786, 0.835073, 7.15314e-005, 0.822611
20, 1, 1, 19.9911, 0.908307, 7.73808e-005, 0.889879
10, 1, 1, 9.99788, 0.835073, 7.15314e-005, 0.822611
20, 1, 1, 19.9912, 0.908307, 7.73808e-005, 0.88988
10, 1, 1, 9.9979, 0.835073, 7.15314e-005, 0.822611
20, 1, 1, 19.9913, 0.908307, 7.73809e-005, 0.88988
10, 1, 1, 9.99792, 0.835074, 7.15314e-005, 0.822612
20, 1, 1, 19.9914, 0.908308, 7.73809e-005, 0.88988
10, 1, 1, 9.99794, 0.835074, 7.15315e-005, 0.822612
20, 1, 1, 19.9914, 0.908308, 7.73809e-005, 0.889881
10, 1, 1, 9.99796, 0.835074, 7.15315e-005, 0.822612
20, 1, 1, 19.9915, 0.908308, 7.73809e-005, 0.889881
10, 1, 1, 9.99798, 0.835074, 7.15315e-005, 0.822612
20, 1, 1, 19.9916, 0.908309, 7.7381e-005, 0.889881
10, 1, 1, 9.998, 0.835075, 7.15315e-005, 0.822613
20, 1, 1, 19.9917, 0.908309, 7.7381e-005, 0.889882
10, 1, 1, 9.99801, 0.835075, 7.15316e-005, 0.822613
20, 1, 1, 19.9918, 0.908309, 7.7381e-005, 0.889882
10, 1, 1, 9.99803, 0.835075, 7.15316e-005, 0.822613
20, 1, 1, 19.9918, 0.90831, 7.73811e-005, 0.889882
10, 1, 1, 9.99805, 0.835076, 7.15316e-005, 0.822613
20, 1, 1, 19.9919, 0.90831, 7.73811e-005, 0.889882
10, 1, 1, 9.99807, 0.835076, 7.15316e-005, 0.822614
20, 1, 1, 19.992, 0.90831, 7.73811e-005, 0.889883
10, 1, 1, 9.99808, 0.835076, 7.15316e-005, 0.822614
20, 1, 1, 19.992, 0.908311, 7.73811e-005, 0.889883
10, 1, 1, 9.9981, 0.835076, 7.15317e-005, 0.822614
20, 1, 1, 19.9921, 0.908311, 7.73812e-005, 0.889883
10, 1, 1, 9.99812, 0.835077, 7.15317e-005, 0.822614
20, 1, 1, 19.9922, 0.908311, 7.73812e-005, 0.889884
10, 1, 1, 9.99813, 0.835077, 7.15317e-005, 0.822614
20, 1, 1, 19.9923, 0.908312, 7.73812e-005, 0.889884
10, 1, 1, 9.99815, 0.835077, 7.15317e-005, 0.822615
20, 1, 1, 19.9923, 0.908312, 7.73812e-005, 0.889884
10, 1, 1, 9.99816, 0.835077, 7.15317e-005, 0.822615
20, 1, 1, 19.9924, 0.908312, 7.73813e-005, 0.889884
10, 1, 1, 9.99818, 0.835077, 7.15318e-005, 0.822615
20, 1, 1, 19.9925, 0.908312, 7.73813e-005, 0.889885
10, 1, 1, 9.99819, 0.835078, 7.15318e-005, 0.822615
20, 1, 1, 19.9925, 0.908313, 7.73813e-005, 0.889885
10, 1, 1, 9.99821, 0.835078, 7.15318e-005, 0.822616
20, 1, 1, 19.9926, 0.908313, 7.73813e-005, 0.889885
10, 1, 1, 9.99822, 0.835078, 7.15318e-005, 0.822616
20, 1, 1, 19.9926, 0.908313, 7.73813e-005, 0.889886
10, 1, 1, 9.99824, 0.835078, 7.15318e-005, 0.822616
20, 1, 1, 19.9927, 0.908313, 7.73814e-005, 0.889886
10, 1, 1, 9.99825, 0.835079, 7.15318e-005, 0.822616
20, 1, 1, 19.9928, 0.908314, 7.73814e-005, 0.889886
10, 1, 1, 9.99827, 0.835079, 7.15319e-005, 0.822616
20, 1, 1, 19.9928, 0.908314, 7.73814e-005, 0.889886
10, 1, 1, 9.99828, 0.835079, 7.15319e-005, 0.822617
20, 1, 1, 19.9929, 0.908314, 7.73814e-005, 0.889887
10, 1, 1, 9.9983, 0.835079, 7.15319e-005, 0.822617
20, 1, 1, 19.993, 0.908315, 7.73815e-005, 0.889887
10, 1, 1, 9.99831, 0.835079, 7.15319e-005, 0.822617
20, 1, 1, 19.993, 0.908315, 7.73815e-005, 0.889887
10, 1, 1, 9.99833, 0.83508, 7.15319e-005, 0.822617
20, 1, 1, 19.9931, 0.908315, 7.73815e-005, 0.889887
10, 1, 1, 9.99834, 0.83508, 7.15319e-005, 0.822617
20, 1, 1, 19.9931, 0.908315, 7.73815e-005, 0.889887
10, 1, 1, 9.99835, 0.83508, 7.1532e-005, 0.822618
20, 1, 1, 19.9932, 0.908315, 7.73815e-005, 0.889888
10, 1, 1, 9.99837, 0.83508, 7.1532e-005, 0.822618
20, 1, 1, 19.9932, 0.908316, 7.73816e-005, 0.889888
10, 1, 1, 9.99838, 0.83508, 7.1532e-005, 0.822618
20, 1, 1, 19.9933, 0.908316, 7.73816e-005, 0.889888
10, 1, 1, 9.99839, 0.835081, 7.1532e-005, 0.822618
20, 1, 1, 19.9934, 0.908316, 7.73816e-005, 0.889888
10, 1, 1, 9.9984, 0.835081, 7.1532e-005, 0.822618
20, 1, 1, 19.9934, 0.908316, 7.73816e-005, 0.889889
10, 1, 1, 9.99842, 0.835081, 7.1532e-005, 0.822618
20, 1, 1, 19.9935, 0.908317, 7.73816e-005, 0.889889
10, 1, 1, 9.99843, 0.835081, 7.15321e-005, 0.822619
20, 1, 1, 19.9935, 0.908317, 7.73817e-005, 0.889889
10, 1, 1, 9.99844, 0.835081, 7.15321e-005, 0.822619
20, 1, 1, 19.9936, 0.908317, 7.73817e-005, 0.889889
10, 1, 1, 9.99845, 0.835082, 7.15321e-005, 0.822619
20, 1, 1, 19.9936, 0.908317, 7.73817e-005, 0.889889
10, 1, 1, 9.99847, 0.835082, 7.15321e-005, 0.822619
20, 1, 1, 19.9937, 0.908318, 7.73817e-005, 0.88989
10, 1, 1, 9.99848, 0.835082, 7.15321e-005, 0.822619
20, 1, 1, 19.9937, 0.908318, 7.73817e-005, 0.88989
10, 1, 1, 9.99849, 0.835082, 7.15321e-005, 0.822619
20, 1, 1, 19.9938, 0.908318, 7.73817e-005, 0.88989
10, 1, 1, 9.9985, 0.835082, 7.15321e-005, 0.82262
20, 1, 1, 19.9938, 0.908318, 7.73818e-005, 0.88989
10, 1, 1, 9.99851, 0.835082, 7.15322e-005, 0.82262
20, 1, 1, 19.9939, 0.908318, 7.73818e-005, 0.88989
10, 1, 1, 9.99852, 0.835083, 7.15322e-005, 0.82262
20, 1, 1, 19.9939, 0.908319, 7.73818e-005, 0.889891
10, 1, 1, 9.99854, 0.835083, 7.15322e-005, 0.82262
20, 1, 1, 19.994, 0.908319, 7.73818e-005, 0.889891
10, 1, 1, 9.99855, 0.835083, 7.15322e-005, 0.82262
20, 1, 1, 19.994, 0.908319, 7.73818e-005, 0.889891
10, 1, 1, 9.99856, 0.835083, 7.15322e-005, 0.82262
20, 1, 1, 19.9941, 0.908319, 7.73818e-005, 0.889891
10, 1, 1, 9.99857, 0.835083, 7.15322e-005, 0.822621
20, 1, 1, 19.9941, 0.908319, 7.73819e-005, 0.889891
10, 1, 1, 9.99858, 0.835083, 7.15322e-005, 0.822621
20, 1, 1, 19.9941, 0.90832, 7.73819e-005, 0.889892
10, 1, 1, 9.99859, 0.835084, 7.15322e-005, 0.822621
20, 1, 1, 19.9942, 0.90832, 7.73819e-005, 0.889892
10, 1, 1, 9.9986, 0.835084, 7.15323e-005, 0.822621
20, 1, 1, 19.9942, 0.90832, 7.73819e-005, 0.889892
10, 1, 1, 9.99861, 0.835084, 7.15323e-005, 0.822621
20, 1, 1, 19.9943, 0.90832, 7.73819e-005, 0.889892
10, 1, 1, 9.99862, 0.835084, 7.15323e-005, 0.822621
20, 1, 1, 19.9943, 0.90832, 7.73819e-005, 0.889892
10, 1, 1, 9.99863, 0.835084, 7.15323e-005, 0.822621
20, 1, 1, 19.9944, 0.908321, 7.7382e-005, 0.889893
10, 1, 1, 9.99864, 0.835084, 7.15323e-005, 0.822622
20, 1, 1, 19.9944, 0.908321, 7.7382e-005, 0.889893
10, 1, 1, 9.99865, 0.835085, 7.15323e-005, 0.822622
20, 1, 1, 19.9944, 0.908321, 7.7382e-005, 0.889893
10, 1, 1, 9.99866, 0.835085, 7.15323e-005, 0.822622
20, 1, 1, 19.9945, 0.908321, 7.7382e-005, 0.889893
10, 1, 1, 9.99867, 0.835085, 7.15323e-005, 0.822622
20, 1, 1, 19.9945, 0.908321, 7.7382e-005, 0.889893
10, 1, 1, 9.99868, 0.835085, 7.15324e-005, 0.822622
20, 1, 1, 19.9946, 0.908321, 7.7382e-005, 0.889893
10, 1, 1, 9.99869, 0.835085, 7.15324e-005, 0.822622
20, 1, 1, 19.9946, 0.908322, 7.7382e-005, 0.889894
10, 1, 1, 9.9987, 0.835085, 7.15324e-005, 0.822622
20, 1, 1, 19.9946, 0.908322, 7.73821e-005, 0.889894
10, 1, 1, 9.99871, 0.835085, 7.15324e-005, 0.822622
20, 1, 1, 19.9947, 0.908322, 7.73821e-005, 0.889894
10, 1, 1, 9.99872, 0.835085, 7.15324e-005, 0.822623
20, 1, 1, 19.9947, 0.908322, 7.73821e-005, 0.889894
10, 1, 1, 9.99873, 0.835086, 7.15324e-005, 0.822623
20, 1, 1, 19.9948, 0.908322, 7.73821e-005, 0.889894
10, 1, 1, 9.99874, 0.835086, 7.15324e-005, 0.822623
20, 1, 1, 19.9948, 0.908322, 7.73821e-005, 0.889894
10, 1, 1, 9.99875, 0.835086, 7.15324e-005, 0.822623
20, 1, 1, 19.9948, 0.908323, 7.73821e-005, 0.889894
10, 1, 1, 9.99875, 0.835086, 7.15324e-005, 0.822623
20, 1, 1, 19.9949, 0.908323, 7.73821e-005, 0.889895
10, 1, 1, 9.99876, 0.835086, 7.15325e-005, 0.822623
20, 1, 1, 19.9949, 0.908323, 7.73822e-005, 0.889895
10, 1, 1, 9.99877, 0.835086, 7.15325e-005, 0.822623
20, 1, 1, 19.9949, 0.908323, 7.73822e-005, 0.889895
10, 1, 1, 9.99878, 0.835086, 7.15325e-005, 0.822623
20, 1, 1, 19.995, 0.908323, 7.73822e-005, 0.889895
10, 1, 1, 9.99879, 0.835087, 7.15325e-005, 0.822624
20, 1, 1, 19.995, 0.908323, 7.73822e-005, 0.889895
10, 1, 1, 9.9988, 0.835087, 7.15325e-005, 0.822624
20, 1, 1, 19.9951, 0.908323, 7.73822e-005, 0.889895
10, 1, 1, 9.99881, 0.835087, 7.15325e-005, 0.822624
20, 1, 1, 19.9951, 0.908324, 7.73822e-005, 0.889895
10, 1, 1, 9.99881, 0.835087, 7.15325e-005, 0.822624
20, 1, 1, 19.9951, 0.908324, 7.73822e-005, 0.889896
10, 1, 1, 9.99882, 0.835087, 7.15325e-005, 0.822624
20, 1, 1, 19.9952, 0.908324, 7.73822e-005, 0.889896
10, 1, 1, 9.99883, 0.835087, 7.15325e-005, 0.822624
20, 1, 1, 19.9952, 0.908324, 7.73823e-005, 0.889896
10, 1, 1, 9.99884, 0.835087, 7.15325e-005, 0.822624
20, 1, 1, 19.9952, 0.908324, 7.73823e-005, 0.889896
10, 1, 1, 9.99885, 0.835087, 7.15325e-005, 0.822624
20, 1, 1, 19.9953, 0.908324, 7.73823e-005, 0.889896
10, 1, 1, 9.99885, 0.835088, 7.15326e-005, 0.822624
20, 1, 1, 19.9953, 0.908324, 7.73823e-005, 0.889896
10, 1, 1, 9.99886, 0.835088, 7.15326e-005, 0.822625
20, 1, 1, 19.9953, 0.908325, 7.73823e-005, 0.889896
10, 1, 1, 9.99887, 0.835088, 7.15326e-005, 0.822625
20, 1, 1, 19.9954, 0.908325, 7.73823e-005, 0.889897
10, 1, 1, 9.99888, 0.835088, 7.15326e-005, 0.822625
20, 1, 1, 19.9954, 0.908325, 7.73823e-005, 0.889897
10, 1, 1, 9.99888, 0.835088, 7.15326e-005, 0.822625
20, 1, 1, 19.9954, 0.908325, 7.73823e-005, 0.889897
10, 1, 1, 9.99889, 0.835088, 7.15326e-005, 0.822625
20, 1, 1, 19.9954, 0.908325, 7.73823e-005, 0.889897
10, 1, 1, 9.9989, 0.835088, 7.15326e-005, 0.822625
20, 1, 1, 19.9955, 0.908325, 7.73824e-005, 0.889897
10, 1, 1, 9.99891, 0.835088, 7.15326e-005, 0.822625
20, 1, 1, 19.9955, 0.908325, 7.73824e-005, 0.889897
10, 1, 1, 9.99891, 0.835088, 7.15326e-005, 0.822625
20, 1, 1, 19.9955, 0.908326, 7.73824e-005, 0.889897
10, 1, 1, 9.99892, 0.835088, 7.15326e-005, 0.822625
20, 1, 1, 19.9956, 0.908326, 7.73824e-005, 0.889897
10, 1, 1, 9.99893, 0.835089, 7.15326e-005, 0.822625
20, 1, 1, 19.9956, 0.908326, 7.73824e-005, 0.889898
10, 1, 1, 9.99893, 0.835089, 7.15327e-005, 0.822626
20, 1, 1, 19.9956, 0.908326, 7.73824e-005, 0.889898
10, 1, 1, 9.99894, 0.835089, 7.15327e-005, 0.822626
20, 1, 1, 19.9957, 0.908326, 7.73824e-005, 0.889898
10, 1, 1, 9.99895, 0.835089, 7.15327e-005, 0.822626
20, 1, 1, 19.9957, 0.908326, 7.73824e-005, 0.889898
10, 1, 1, 9.99896, 0.835089, 7.15327e-005, 0.822626
20, 1, 1, 19.9957, 0.908326, 7.73824e-005, 0.889898
10, 1, 1, 9.99896, 0.835089, 7.15327e-005, 0.822626
20, 1, 1, 19.9957, 0.908326, 7.73824e-005, 0.889898
10, 1, 1, 9.99897, 0.835089, 7.15327e-005, 0.822626
20, 1, 1, 19.9958, 0.908327, 7.73825e-005, 0.889898
10, 1, 1, 9.99898, 0.835089, 7.15327e-005, 0.822626
20, 1, 1, 19.9958, 0.908327, 7.73825e-005, 0.889898
10, 1, 1, 9.99898, 0.835089, 7.15327e-005, 0.822626
20, 1, 1, 19.9958, 0.908327, 7.73825e-005, 0.889898
10, 1, 1, 9.99899, 0.83509, 7.15327e-005, 0.822626
20, 1, 1, 19.9958, 0.908327, 7.73825e-005, 0.889899
10, 1, 1, 9.99899, 0.83509, 7.15327e-005, 0.822626
20, 1, 1, 19.9959, 0.908327, 7.73825e-005, 0.889899
10, 1, 1, 9.999, 0.83509, 7.15327e-005, 0.822626
20, 1, 1, 19.9959, 0.908327, 7.73825e-005, 0.889899
10, 1, 1, 9.99901, 0.83509, 7.15327e-005, 0.822627
20, 1, 1, 19.9959, 0.908327, 7.73825e-005, 0.889899
10, 1, 1, 9.99901, 0.83509, 7.15328e-005, 0.822627
20, 1, 1, 19.996, 0.908327, 7.73825e-005, 0.889899
10, 1, 1, 9.99902, 0.83509, 7.15328e-005, 0.822627
20, 1, 1, 19.996, 0.908327, 7.73825e-005, 0.889899
10, 1, 1, 9.99903, 0.83509, 7.15328e-005, 0.822627
20, 1, 1, 19.996, 0.908328, 7.73825e-005, 0.889899
10, 1, 1, 9.99903, 0.83509, 7.15328e-005, 0.822627
20, 1, 1, 19.996, 0.908328, 7.73826e-005, 0.889899
10, 1, 1, 9.99904, 0.83509, 7.15328e-005, 0.822627
20, 1, 1, 19.9961, 0.908328, 7.73826e-005, 0.889899
10, 1, 1, 9.99904, 0.83509, 7.15328e-005, 0.822627
20, 1, 1, 19.9961, 0.908328, 7.73826e-005, 0.8899
10, 1, 1, 9.99905, 0.83509, 7.15328e-005, 0.822627
20, 1, 1, 19.9961, 0.908328, 7.73826e-005, 0.8899
10, 1, 1, 9.99906, 0.835091, 7.15328e-005, 0.822627
20, 1, 1, 19.9961, 0.908328, 7.73826e-005, 0.8899
10, 1, 1, 9.99906, 0.835091, 7.15328e-005, 0.822627
20, 1, 1, 19.9962, 0.908328, 7.73826e-005, 0.8899
10, 1, 1, 9.99907, 0.835091, 7.15328e-005, 0.822627
20, 1, 1, 19.9962, 0.908328, 7.73826e-005, 0.8899
10, 1, 1, 9.99907, 0.835091, 7.15328e-005, 0.822627
20, 1, 1, 19.9962, 0.908328, 7.73826e-005, 0.8899
10, 1, 1, 9.99908, 0.835091, 7.15328e-005, 0.822628
20, 1, 1, 19.9962, 0.908328, 7.73826e-005, 0.8899
10, 1, 1, 9.99908, 0.835091, 7.15328e-005, 0.822628
20, 1, 1, 19.9962, 0.908329, 7.73826e-005, 0.8899
10, 1, 1, 9.99909, 0.835091, 7.15328e-005, 0.822628
20, 1, 1, 19.9963, 0.908329, 7.73826e-005, 0.8899
10, 1, 1, 9.99909, 0.835091, 7.15328e-005, 0.822628
20, 1, 1, 19.9963, 0.908329, 7.73826e-005, 0.8899
10, 1, 1, 9.9991, 0.835091, 7.15329e-005, 0.822628
20, 1, 1, 19.9963, 0.908329, 7.73827e-005, 0.8899
10, 1, 1, 9.99911, 0.835091, 7.15329e-005, 0.822628
20, 1, 1, 19.9963, 0.908329, 7.73827e-005, 0.889901
10, 1, 1, 9.99911, 0.835091, 7.15329e-005, 0.822628
20, 1, 1, 19.9964, 0.908329, 7.73827e-005, 0.889901
10, 1, 1, 9.99912, 0.835091, 7.15329e-005, 0.822628
20, 1, 1, 19.9964, 0.908329, 7.73827e-005, 0.889901
10, 1, 1, 9.99912, 0.835091, 7.15329e-005, 0.822628
20, 1, 1, 19.9964, 0.908329, 7.73827e-005, 0.889901
10, 1, 1, 9.99913, 0.835092, 7.15329e-005, 0.822628
20, 1, 1, 19.9964, 0.908329, 7.73827e-005, 0.889901
10, 1, 1, 9.99913, 0.835092, 7.15329e-005, 0.822628
20, 1, 1, 19.9964, 0.908329, 7.73827e-005, 0.889901
10, 1, 1, 9.99914, 0.835092, 7.15329e-005, 0.822628
20, 1, 1, 19.9965, 0.908329, 7.73827e-005, 0.889901
10, 1, 1, 9.99914, 0.835092, 7.15329e-005, 0.822628
20, 1, 1, 19.9965, 0.90833, 7.73827e-005, 0.889901
10, 1, 1, 9.99915, 0.835092, 7.15329e-005, 0.822628
20, 1, 1, 19.9965, 0.90833, 7.73827e-005, 0.889901
10, 1, 1, 9.99915, 0.835092, 7.15329e-005, 0.822629
20, 1, 1, 19.9965, 0.90833, 7.73827e-005, 0.889901
10, 1, 1, 9.99916, 0.835092, 7.15329e-005, 0.822629
20, 1, 1, 19.9965, 0.90833, 7.73827e-005, 0.889901
10, 1, 1, 9.99916, 0.835092, 7.15329e-005, 0.822629
20, 1, 1, 19.9966, 0.90833, 7.73827e-005, 0.889902
10, 1, 1, 9.99917, 0.835092, 7.15329e-005, 0.822629
20, 1, 1, 19.9966, 0.90833, 7.73827e-005, 0.889902
10, 1, 1, 9.99917, 0.835092, 7.15329e-005, 0.822629
20, 1, 1, 19.9966, 0.90833, 7.73828e-005, 0.889902
10, 1, 1, 9.99918, 0.835092, 7.15329e-005, 0.822629
20, 1, 1, 19.9966, 0.90833, 7.73828e-005, 0.889902
10, 1, 1, 9.99918, 0.835092, 7.1533e-005, 0.822629
20, 1, 1, 19.9966, 0.90833, 7.73828e-005, 0.889902
10, 1, 1, 9.99919, 0.835092, 7.1533e-005, 0.822629
20, 1, 1, 19.9967, 0.90833, 7.73828e-005, 0.889902
10, 1, 1, 9.99919, 0.835093, 7.1533e-005, 0.822629
20, 1, 1, 19.9967, 0.90833, 7.73828e-005, 0.889902
10, 1, 1, 9.99919, 0.835093, 7.1533e-005, 0.822629
20, 1, 1, 19.9967, 0.908331, 7.73828e-005, 0.889902
10, 1, 1, 9.9992, 0.835093, 7.1533e-005, 0.822629
20, 1, 1, 19.9967, 0.908331, 7.73828e-005, 0.889902
10, 1, 1, 9.9992, 0.835093, 7.1533e-005, 0.822629
20, 1, 1, 19.9967, 0.908331, 7.73828e-005, 0.889902
10, 1, 1, 9.99921, 0.835093, 7.1533e-005, 0.822629
20, 1, 1, 19.9968, 0.908331, 7.73828e-005, 0.889902
10, 1, 1, 9.99921, 0.835093, 7.1533e-005, 0.822629
20, 1, 1, 19.9968, 0.908331, 7.73828e-005, 0.889902
10, 1, 1, 9.99922, 0.835093, 7.1533e-005, 0.822629
20, 1, 1, 19.9968, 0.908331, 7.73828e-005, 0.889902
10, 1, 1, 9.99922, 0.835093, 7.1533e-005, 0.822629
20, 1, 1, 19.9968, 0.908331, 7.73828e-005, 0.889903
10, 1, 1, 9.99923, 0.835093, 7.1533e-005, 0.82263
20, 1, 1, 19.9968, 0.908331, 7.73828e-005, 0.889903
10, 1, 1, 9.99923, 0.835093, 7.1533e-005, 0.82263
20, 1, 1, 19.9968, 0.908331, 7.73828e-005, 0.889903
10, 1, 1, 9.99923, 0.835093, 7.1533e-005, 0.82263
20, 1, 1, 19.9969, 0.908331, 7.73828e-005, 0.889903
10, 1, 1, 9.99924, 0.835093, 7.1533e-005, 0.82263
20, 1, 1, 19.9969, 0.908331, 7.73829e-005, 0.889903
10, 1, 1, 9.99924, 0.835093, 7.1533e-005, 0.82263
20, 1, 1, 19.9969, 0.908331, 7.73829e-005, 0.889903
10, 1, 1, 9.99925, 0.835093, 7.1533e-005, 0.82263
20, 1, 1, 19.9969, 0.908331, 7.73829e-005, 0.889903
10, 1, 1, 9.99925, 0.835093, 7.1533e-005, 0.82263
20, 1, 1, 19.9969, 0.908332, 7.73829e-005, 0.889903
10, 1, 1, 9.99925, 0.835093, 7.1533e-005, 0.82263
20, 1, 1, 19.997, 0.908332, 7.73829e-005, 0.889903
10, 1, 1, 9.99926, 0.835094, 7.1533e-005, 0.82263
20, 1, 1, 19.997, 0.908332, 7.73829e-005, 0.889903
10, 1, 1, 9.99926, 0.835094, 7.1533e-005, 0.82263
20, 1, 1, 19.997, 0.908332, 7.73829e-005, 0.889903
10, 1, 1, 9.99927, 0.835094, 7.15331e-005, 0.82263
20, 1, 1, 19.997, 0.908332, 7.73829e-005, 0.889903
10, 1, 1, 9.99927, 0.835094, 7.15331e-005, 0.82263
20, 1, 1, 19.997, 0.908332, 7.73829e-005, 0.889903
10, 1, 1, 9.99927, 0.835094, 7.15331e-005, 0.82263
20, 1, 1, 19.997, 0.908332, 7.73829e-005, 0.889903
10, 1, 1, 9.99928, 0.835094, 7.15331e-005, 0.82263
20, 1, 1, 19.9971, 0.908332, 7.73829e-005, 0.889904
10, 1, 1, 9.99928, 0.835094, 7.15331e-005, 0.82263
20, 1, 1, 19.9971, 0.908332, 7.73829e-005, 0.889904
10, 1, 1, 9.99929, 0.835094, 7.15331e-005, 0.82263
20, 1, 1, 19.9971, 0.908332, 7.73829e-005, 0.889904
10, 1, 1, 9.99929, 0.835094, 7.15331e-005, 0.82263
20, 1, 1, 19.9971, 0.908332, 7.73829e-005, 0.889904
10, 1, 1, 9.99929, 0.835094, 7.15331e-005, 0.82263
20, 1, 1, 19.9971, 0.908332, 7.73829e-005, 0.889904
10, 1, 1, 9.9993, 0.835094, 7.15331e-005, 0.822631
20, 1, 1, 19.9971, 0.908332, 7.73829e-005, 0.889904
10, 1, 1, 9.9993, 0.835094, 7.15331e-005, 0.822631
20, 1, 1, 19.9971, 0.908332, 7.73829e-005, 0.889904
10, 1, 1, 9.99931, 0.835094, 7.15331e-005, 0.822631
20, 1, 1, 19.9972, 0.908332, 7.7383e-005, 0.889904
10, 1, 1, 9.99931, 0.835094, 7.15331e-005, 0.822631
20, 1, 1, 19.9972, 0.908333, 7.7383e-005, 0.889904
10, 1, 1, 9.99931, 0.835094, 7.15331e-005, 0.822631
20, 1, 1, 19.9972, 0.908333, 7.7383e-005, 0.889904
10, 1, 1, 9.99932, 0.835094, 7.15331e-005, 0.822631
20, 1, 1, 19.9972, 0.908333, 7.7383e-005, 0.889904
10, 1, 1, 9.99932, 0.835094, 7.15331e-005, 0.822631
20, 1, 1, 19.9972, 0.908333, 7.7383e-005, 0.889904
10, 1, 1, 9.99932, 0.835094, 7.15331e-005, 0.822631
20, 1, 1, 19.9972, 0.908333, 7.7383e-005, 0.889904
10, 1, 1, 9.99933, 0.835095, 7.15331e-005, 0.822631
20, 1, 1, 19.9972, 0.908333, 7.7383e-005, 0.889904
10, 1, 1, 9.99933, 0.835095, 7.15331e-005, 0.822631
20, 1, 1, 19.9973, 0.908333, 7.7383e-005, 0.889904
10, 1, 1, 9.99933, 0.835095, 7.15331e-005, 0.822631
20, 1, 1, 19.9973, 0.908333, 7.7383e-005, 0.889904
10, 1, 1, 9.99934, 0.835095, 7.15331e-005, 0.822631
20, 1, 1, 19.9973, 0.908333, 7.7383e-005, 0.889905
10, 1, 1, 9.99934, 0.835095, 7.15331e-005, 0.822631
20, 1, 1, 19.9973, 0.908333, 7.7383e-005, 0.889905
10, 1, 1, 9.99934, 0.835095, 7.15331e-005, 0.822631
20, 1, 1, 19.9973, 0.908333, 7.7383e-005, 0.889905
10, 1, 1, 9.99935, 0.835095, 7.15331e-005, 0.822631
20, 1, 1, 19.9973, 0.908333, 7.7383e-005, 0.889905
10, 1, 1, 9.99935, 0.835095, 7.15332e-005, 0.822631
20, 1, 1, 19.9973, 0.908333, 7.7383e-005, 0.889905
10, 1, 1, 9.99935, 0.835095, 7.15332e-005, 0.822631
20, 1, 1, 19.9974, 0.908333, 7.7383e-005, 0.889905
10, 1, 1, 9.99936, 0.835095, 7.15332e-005, 0.822631
20, 1, 1, 19.9974, 0.908333, 7.7383e-005, 0.889905
10, 1, 1, 9.99936, 0.835095, 7.15332e-005, 0.822631
20, 1, 1, 19.9974, 0.908333, 7.7383e-005, 0.889905
10, 1, 1, 9.99936, 0.835095, 7.15332e-005, 0.822631
20, 1, 1, 19.9974, 0.908333, 7.7383e-005, 0.889905
10, 1, 1, 9.99937, 0.835095, 7.15332e-005, 0.822631
20, 1, 1, 19.9974, 0.908334, 7.7383e-005, 0.889905
10, 1, 1, 9.99937, 0.835095, 7.15332e-005, 0.822632
20, 1, 1, 19.9974, 0.908334, 7.7383e-005, 0.889905
10, 1, 1, 9.99937, 0.835095, 7.15332e-005, 0.822632
20, 1, 1, 19.9974, 0.908334, 7.73831e-005, 0.889905
10, 1, 1, 9.99938, 0.835095, 7.15332e-005, 0.822632
20, 1, 1, 19.9975, 0.908334, 7.73831e-005, 0.889905
10, 1, 1, 9.99938, 0.835095, 7.15332e-005, 0.822632
20, 1, 1, 19.9975, 0.908334, 7.73831e-005, 0.889905
10, 1, 1, 9.99938, 0.835095, 7.15332e-005, 0.822632
20, 1, 1, 19.9975, 0.908334, 7.73831e-005, 0.889905
10, 1, 1, 9.99939, 0.835095, 7.15332e-005, 0.822632
20, 1, 1, 19.9975, 0.908334, 7.73831e-005, 0.889905
10, 1, 1, 9.99939, 0.835095, 7.15332e-005, 0.822632
20, 1, 1, 19.9975, 0.908334, 7.73831e-005, 0.889905
10, 1, 1, 9.99939, 0.835095, 7.15332e-005, 0.822632
20, 1, 1, 19.9975, 0.908334, 7.73831e-005, 0.889905
10, 1, 1, 9.99939, 0.835096, 7.15332e-005, 0.822632
20, 1, 1, 19.9975, 0.908334, 7.73831e-005, 0.889905
10, 1, 1, 9.9994, 0.835096, 7.15332e-005, 0.822632
20, 1, 1, 19.9975, 0.908334, 7.73831e-005, 0.889906
10, 1, 1, 9.9994, 0.835096, 7.15332e-005, 0.822632
20, 1, 1, 19.9976, 0.908334, 7.73831e-005, 0.889906
10, 1, 1, 9.9994, 0.835096, 7.15332e-005, 0.822632
20, 1, 1, 19.9976, 0.908334, 7.73831e-005, 0.889906
10, 1, 1, 9.99941, 0.835096, 7.15332e-005, 0.822632
20, 1, 1, 19.9976, 0.908334, 7.73831e-005, 0.889906
10, 1, 1, 9.99941, 0.835096, 7.15332e-005, 0.822632
20, 1, 1, 19.9976, 0.908334, 7.73831e-005, 0.889906
10, 1, 1, 9.99941, 0.835096, 7.15332e-005, 0.822632
20, 1, 1, 19.9976, 0.908334, 7.73831e-005, 0.889906
10, 1, 1, 9.99941, 0.835096, 7.15332e-005, 0.822632
20, 1, 1, 19.9976, 0.908334, 7.73831e-005, 0.889906
10, 1, 1, 9.99942, 0.835096, 7.15332e-005, 0.822632
20, 1, 1, 19.9976, 0.908334, 7.73831e-005, 0.889906
10, 1, 1, 9.99942, 0.835096, 7.15332e-005, 0.822632
20, 1, 1, 19.9976, 0.908334, 7.73831e-005, 0.889906
10, 1, 1, 9.99942, 0.835096, 7.15332e-005, 0.822632
20, 1, 1, 19.9976, 0.908335, 7.73831e-005, 0.889906
10, 1, 1, 9.99943, 0.835096, 7.15332e-005, 0.822632
20, 1, 1, 19.9977, 0.908335, 7.73831e-005, 0.889906
10, 1, 1, 9.99943, 0.835096, 7.15332e-005, 0.822632
20, 1, 1, 19.9977, 0.908335, 7.73831e-005, 0.889906
10, 1, 1, 9.99943, 0.835096, 7.15333e-005, 0.822632
20, 1, 1, 19.9977, 0.908335, 7.73831e-005, 0.889906
10, 1, 1, 9.99943, 0.835096, 7.15333e-005, 0.822632
20, 1, 1, 19.9977, 0.908335, 7.73831e-005, 0.889906
10, 1, 1, 9.99944, 0.835096, 7.15333e-005, 0.822632
20, 1, 1, 19.9977, 0.908335, 7.73831e-005, 0.889906
10, 1, 1, 9.99944, 0.835096, 7.15333e-005, 0.822632
20, 1, 1, 19.9977, 0.908335, 7.73832e-005, 0.889906
10, 1, 1, 9.99944, 0.835096, 7.15333e-005, 0.822633
20, 1, 1, 19.9977, 0.908335, 7.73832e-005, 0.889906
10, 1, 1, 9.99944, 0.835096, 7.15333e-005, 0.822633
20, 1, 1, 19.9977, 0.908335, 7.73832e-005, 0.889906
10, 1, 1, 9.99945, 0.835096, 7.15333e-005, 0.822633
20, 1, 1, 19.9977, 0.908335, 7.73832e-005, 0.889906
10, 1, 1, 9.99945, 0.835096, 7.15333e-005, 0.822633
20, 1, 1, 19.9978, 0.908335, 7.73832e-005, 0.889906
10, 1, 1, 9.99945, 0.835096, 7.15333e-005, 0.822633
20, 1, 1, 19.9978, 0.908335, 7.73832e-005, 0.889906
10, 1, 1, 9.99946, 0.835096, 7.15333e-005, 0.822633
20, 1, 1, 19.9978, 0.908335, 7.73832e-005, 0.889906
10, 1, 1, 9.99946, 0.835096, 7.15333e-005, 0.822633
20, 1, 1, 19.9978, 0.908335, 7.73832e-005, 0.889907
10, 1, 1, 9.99946, 0.835097, 7.15333e-005, 0.822633
20, 1, 1, 19.9978, 0.908335, 7.73832e-005, 0.889907
10, 1, 1, 9.99946, 0.835097, 7.15333e-005, 0.822633
20, 1, 1, 19.9978, 0.908335, 7.73832e-005, 0.889907
10, 1, 1, 9.99947, 0.835097, 7.15333e-005, 0.822633
20, 1, 1, 19.9978, 0.908335, 7.73832e-005, 0.889907
10, 1, 1, 9.99947, 0.835097, 7.15333e-005, 0.822633
20, 1, 1, 19.9978, 0.908335, 7.73832e-005, 0.889907
10, 1, 1, 9.99947, 0.835097, 7.15333e-005, 0.822633
20, 1, 1, 19.9978, 0.908335, 7.73832e-005, 0.889907
10, 1, 1, 9.99947, 0.835097, 7.15333e-005, 0.822633
20, 1, 1, 19.9979, 0.908335, 7.73832e-005, 0.889907
10, 1, 1, 9.99947, 0.835097, 7.15333e-005, 0.822633
20, 1, 1, 19.9979, 0.908335, 7.73832e-005, 0.889907
10, 1, 1, 9.99948, 0.835097, 7.15333e-005, 0.822633
20, 1, 1, 19.9979, 0.908335, 7.73832e-005, 0.889907
10, 1, 1, 9.99948, 0.835097, 7.15333e-005, 0.822633
20, 1, 1, 19.9979, 0.908336, 7.73832e-005, 0.889907
10, 1, 1, 9.99948, 0.835097, 7.15333e-005, 0.822633
20, 1, 1, 19.9979, 0.908336, 7.73832e-005, 0.889907
10, 1, 1, 9.99948, 0.835097, 7.15333e-005, 0.822633
20, 1, 1, 19.9979, 0.908336, 7.73832e-005, 0.889907
10, 1, 1, 9.99949, 0.835097, 7.15333e-005, 0.822633
20, 1, 1, 19.9979, 0.908336, 7.73832e-005, 0.889907
10, 1, 1, 9.99949, 0.835097, 7.15333e-005, 0.822633
20, 1, 1, 19.9979, 0.908336, 7.73832e-005, 0.889907
10, 1, 1, 9.99949, 0.835097, 7.15333e-005, 0.822633
20, 1, 1, 19.9979, 0.908336, 7.73832e-005, 0.889907
10, 1, 1, 9.99949, 0.835097, 7.15333e-005, 0.822633
20, 1, 1, 19.9979, 0.908336, 7.73832e-005, 0.889907
10, 1, 1, 9.9995, 0.835097, 7.15333e-005, 0.822633
20, 1, 1, 19.9979, 0.908336, 7.73832e-005, 0.889907
10, 1, 1, 9.9995, 0.835097, 7.15333e-005, 0.822633
20, 1, 1, 19.998, 0.908336, 7.73832e-005, 0.889907
10, 1, 1, 9.9995, 0.835097, 7.15333e-005, 0.822633
20, 1, 1, 19.998, 0.908336, 7.73832e-005, 0.889907
10, 1, 1, 9.9995, 0.835097, 7.15333e-005, 0.822633
20, 1, 1, 19.998, 0.908336, 7.73832e-005, 0.889907
10, 1, 1, 9.9995, 0.835097, 7.15333e-005, 0.822633
20, 1, 1, 19.998, 0.908336, 7.73832e-005, 0.889907
10, 1, 1, 9.99951, 0.835097, 7.15333e-005, 0.822633
20, 1, 1, 19.998, 0.908336, 7.73832e-005, 0.889907
10, 1, 1, 9.99951, 0.835097, 7.15333e-005, 0.822633
20, 1, 1, 19.998, 0.908336, 7.73833e-005, 0.889907
10, 1, 1, 9.99951, 0.835097, 7.15333e-005, 0.822633
20, 1, 1, 19.998, 0.908336, 7.73833e-005, 0.889907
10, 1, 1, 9.99951, 0.835097, 7.15333e-005, 0.822634
20, 1, 1, 19.998, 0.908336, 7.73833e-005, 0.889907
10, 1, 1, 9.99952, 0.835097, 7.15334e-005, 0.822634
20, 1, 1, 19.998, 0.908336, 7.73833e-005, 0.889908
10, 1, 1, 9.99952, 0.835097, 7.15334e-005, 0.822634
20, 1, 1, 19.998, 0.908336, 7.73833e-005, 0.889908
10, 1, 1, 9.99952, 0.835097, 7.15334e-005, 0.822634
20, 1, 1, 19.998, 0.908336, 7.73833e-005, 0.889908
10, 1, 1, 9.99952, 0.835097, 7.15334e-005, 0.822634
20, 1, 1, 19.9981, 0.908336, 7.73833e-005, 0.889908
10, 1, 1, 9.99952, 0.835097, 7.15334e-005, 0.822634
20, 1, 1, 19.9981, 0.908336, 7.73833e-005, 0.889908
10, 1, 1, 9.99953, 0.835097, 7.15334e-005, 0.822634
20, 1, 1, 19.9981, 0.908336, 7.73833e-005, 0.889908
10, 1, 1, 9.99953, 0.835098, 7.15334e-005, 0.822634
20, 1, 1, 19.9981, 0.908336, 7.73833e-005, 0.889908
10, 1, 1, 9.99953, 0.835098, 7.15334e-005, 0.822634
20, 1, 1, 19.9981, 0.908336, 7.73833e-005, 0.889908
10, 1, 1, 9.99953, 0.835098, 7.15334e-005, 0.822634
20, 1, 1, 19.9981, 0.908336, 7.73833e-005, 0.889908
10, 1, 1, 9.99953, 0.835098, 7.15334e-005, 0.822634
20, 1, 1, 19.9981, 0.908336, 7.73833e-005, 0.889908
10, 1, 1, 9.99954, 0.835098, 7.15334e-005, 0.822634
20, 1, 1, 19.9981, 0.908337, 7.73833e-005, 0.889908
10, 1, 1, 9.99954, 0.835098, 7.15334e-005, 0.822634
20, 1, 1, 19.9981, 0.908337, 7.73833e-005, 0.889908
10, 1, 1, 9.99954, 0.835098, 7.15334e-005, 0.822634
20, 1, 1, 19.9981, 0.908337, 7.73833e-005, 0.889908
10, 1, 1, 9.99954, 0.835098, 7.15334e-005, 0.822634
20, 1, 1, 19.9981, 0.908337, 7.73833e-005, 0.889908
10, 1, 1, 9.99954, 0.835098, 7.15334e-005, 0.822634
20, 1, 1, 19.9981, 0.908337, 7.73833e-005, 0.889908
10, 1, 1, 9.99955, 0.835098, 7.15334e-005, 0.822634
20, 1, 1, 19.9982, 0.908337, 7.73833e-005, 0.889908
10, 1, 1, 9.99955, 0.835098, 7.15334e-005, 0.822634
20, 1, 1, 19.9982, 0.908337, 7.73833e-005, 0.889908
10, 1, 1, 9.99955, 0.835098, 7.15334e-005, 0.822634
20, 1, 1, 19.9982, 0.908337, 7.73833e-005, 0.889908
10, 1, 1, 9.99955, 0.835098, 7.15334e-005, 0.822634
20, 1, 1, 19.9982, 0.908337, 7.73833e-005, 0.889908
10, 1, 1, 9.99955, 0.835098, 7.15334e-005, 0.822634
20, 1, 1, 19.9982, 0.908337, 7.73833e-005, 0.889908
10, 1, 1, 9.99956, 0.835098, 7.15334e-005, 0.822634
20, 1, 1, 19.9982, 0.908337, 7.73833e-005, 0.889908
10, 1, 1, 9.99956, 0.835098, 7.15334e-005, 0.822634
20, 1, 1, 19.9982, 0.908337, 7.73833e-005, 0.889908
10, 1, 1, 9.99956, 0.835098, 7.15334e-005, 0.822634
20, 1, 1, 19.9982, 0.908337, 7.73833e-005, 0.889908
10, 1, 1, 9.99956, 0.835098, 7.15334e-005, 0.822634
20, 1, 1, 19.9982, 0.908337, 7.73833e-005, 0.889908
10, 1, 1, 9.99956, 0.835098, 7.15334e-005, 0.822634
20, 1, 1, 19.9982, 0.908337, 7.73833e-005, 0.889908
10, 1, 1, 9.99956, 0.835098, 7.15334e-005, 0.822634
20, 1, 1, 19.9982, 0.908337, 7.73833e-005, 0.889908
10, 1, 1, 9.99957, 0.835098, 7.15334e-005, 0.822634
20, 1, 1, 19.9982, 0.908337, 7.73833e-005, 0.889908
10, 1, 1, 9.99957, 0.835098, 7.15334e-005, 0.822634
20, 1, 1, 19.9982, 0.908337, 7.73833e-005, 0.889908
10, 1, 1, 9.99957, 0.835098, 7.15334e-005, 0.822634
20, 1, 1, 19.9983, 0.908337, 7.73833e-005, 0.889908
10, 1, 1, 9.99957, 0.835098, 7.15334e-005, 0.822634
20, 1, 1, 19.9983, 0.908337, 7.73833e-005, 0.889908
10, 1, 1, 9.99957, 0.835098, 7.15334e-005, 0.822634
20, 1, 1, 19.9983, 0.908337, 7.73833e-005, 0.889908
10, 1, 1, 9.99958, 0.835098, 7.15334e-005, 0.822634
20, 1, 1, 19.9983, 0.908337, 7.73833e-005, 0.889909
10, 1, 1, 9.99958, 0.835098, 7.15334e-005, 0.822634
20, 1, 1, 19.9983, 0.908337, 7.73834e-005, 0.889909
10, 1, 1, 9.99958, 0.835098, 7.15334e-005, 0.822634
20, 1, 1, 19.9983, 0.908337, 7.73834e-005, 0.889909
10, 1, 1, 9.99958, 0.835098, 7.15334e-005, 0.822634
20, 1, 1, 19.9983, 0.908337, 7.73834e-005, 0.889909
10, 1, 1, 9.99958, 0.835098, 7.15334e-005, 0.822634
20, 1, 1, 19.9983, 0.908337, 7.73834e-005, 0.889909
10, 1, 1, 9.99958, 0.835098, 7.15334e-005, 0.822634
20, 1, 1, 19.9983, 0.908337, 7.73834e-005, 0.889909
10, 1, 1, 9.99959, 0.835098, 7.15334e-005, 0.822635
20, 1, 1, 19.9983, 0.908337, 7.73834e-005, 0.889909
10, 1, 1, 9.99959, 0.835098, 7.15334e-005, 0.822635
20, 1, 1, 19.9983, 0.908337, 7.73834e-005, 0.889909
10, 1, 1, 9.99959, 0.835098, 7.15334e-005, 0.822635
20, 1, 1, 19.9983, 0.908337, 7.73834e-005, 0.889909
10, 1, 1, 9.99959, 0.835098, 7.15334e-005, 0.822635
20, 1, 1, 19.9983, 0.908337, 7.73834e-005, 0.889909
